ARM GAS  /tmp/ccWxTLx2.s 			page 1


   1              		.cpu cortex-m4
   2              		.arch armv7e-m
   3              		.fpu fpv4-sp-d16
   4              		.eabi_attribute 27, 1
   5              		.eabi_attribute 28, 1
   6              		.eabi_attribute 20, 1
   7              		.eabi_attribute 21, 1
   8              		.eabi_attribute 23, 3
   9              		.eabi_attribute 24, 1
  10              		.eabi_attribute 25, 1
  11              		.eabi_attribute 26, 1
  12              		.eabi_attribute 30, 1
  13              		.eabi_attribute 34, 1
  14              		.eabi_attribute 18, 4
  15              		.file	"stm32g4xx_hal_msp.c"
  16              		.text
  17              	.Ltext0:
  18              		.cfi_sections	.debug_frame
  19              		.file 1 "Core/Src/stm32g4xx_hal_msp.c"
  20              		.section	.text.HAL_MspInit,"ax",%progbits
  21              		.align	1
  22              		.global	HAL_MspInit
  23              		.syntax unified
  24              		.thumb
  25              		.thumb_func
  27              	HAL_MspInit:
  28              	.LFB135:
   1:Core/Src/stm32g4xx_hal_msp.c **** /* USER CODE BEGIN Header */
   2:Core/Src/stm32g4xx_hal_msp.c **** /**
   3:Core/Src/stm32g4xx_hal_msp.c ****   ******************************************************************************
   4:Core/Src/stm32g4xx_hal_msp.c ****   * @file         stm32g4xx_hal_msp.c
   5:Core/Src/stm32g4xx_hal_msp.c ****   * @brief        This file provides code for the MSP Initialization
   6:Core/Src/stm32g4xx_hal_msp.c ****   *               and de-Initialization codes.
   7:Core/Src/stm32g4xx_hal_msp.c ****   ******************************************************************************
   8:Core/Src/stm32g4xx_hal_msp.c ****   * @attention
   9:Core/Src/stm32g4xx_hal_msp.c ****   *
  10:Core/Src/stm32g4xx_hal_msp.c ****   * Copyright (c) 2026 STMicroelectronics.
  11:Core/Src/stm32g4xx_hal_msp.c ****   * All rights reserved.
  12:Core/Src/stm32g4xx_hal_msp.c ****   *
  13:Core/Src/stm32g4xx_hal_msp.c ****   * This software is licensed under terms that can be found in the LICENSE file
  14:Core/Src/stm32g4xx_hal_msp.c ****   * in the root directory of this software component.
  15:Core/Src/stm32g4xx_hal_msp.c ****   * If no LICENSE file comes with this software, it is provided AS-IS.
  16:Core/Src/stm32g4xx_hal_msp.c ****   *
  17:Core/Src/stm32g4xx_hal_msp.c ****   ******************************************************************************
  18:Core/Src/stm32g4xx_hal_msp.c ****   */
  19:Core/Src/stm32g4xx_hal_msp.c **** /* USER CODE END Header */
  20:Core/Src/stm32g4xx_hal_msp.c **** 
  21:Core/Src/stm32g4xx_hal_msp.c **** /* Includes ------------------------------------------------------------------*/
  22:Core/Src/stm32g4xx_hal_msp.c **** #include "main.h"
  23:Core/Src/stm32g4xx_hal_msp.c **** /* USER CODE BEGIN Includes */
  24:Core/Src/stm32g4xx_hal_msp.c **** 
  25:Core/Src/stm32g4xx_hal_msp.c **** /* USER CODE END Includes */
  26:Core/Src/stm32g4xx_hal_msp.c **** 
  27:Core/Src/stm32g4xx_hal_msp.c **** /* Private typedef -----------------------------------------------------------*/
  28:Core/Src/stm32g4xx_hal_msp.c **** /* USER CODE BEGIN TD */
  29:Core/Src/stm32g4xx_hal_msp.c **** 
  30:Core/Src/stm32g4xx_hal_msp.c **** /* USER CODE END TD */
ARM GAS  /tmp/ccWxTLx2.s 			page 2


  31:Core/Src/stm32g4xx_hal_msp.c **** 
  32:Core/Src/stm32g4xx_hal_msp.c **** /* Private define ------------------------------------------------------------*/
  33:Core/Src/stm32g4xx_hal_msp.c **** /* USER CODE BEGIN Define */
  34:Core/Src/stm32g4xx_hal_msp.c **** 
  35:Core/Src/stm32g4xx_hal_msp.c **** /* USER CODE END Define */
  36:Core/Src/stm32g4xx_hal_msp.c **** 
  37:Core/Src/stm32g4xx_hal_msp.c **** /* Private macro -------------------------------------------------------------*/
  38:Core/Src/stm32g4xx_hal_msp.c **** /* USER CODE BEGIN Macro */
  39:Core/Src/stm32g4xx_hal_msp.c **** 
  40:Core/Src/stm32g4xx_hal_msp.c **** /* USER CODE END Macro */
  41:Core/Src/stm32g4xx_hal_msp.c **** 
  42:Core/Src/stm32g4xx_hal_msp.c **** /* Private variables ---------------------------------------------------------*/
  43:Core/Src/stm32g4xx_hal_msp.c **** /* USER CODE BEGIN PV */
  44:Core/Src/stm32g4xx_hal_msp.c **** 
  45:Core/Src/stm32g4xx_hal_msp.c **** /* USER CODE END PV */
  46:Core/Src/stm32g4xx_hal_msp.c **** 
  47:Core/Src/stm32g4xx_hal_msp.c **** /* Private function prototypes -----------------------------------------------*/
  48:Core/Src/stm32g4xx_hal_msp.c **** /* USER CODE BEGIN PFP */
  49:Core/Src/stm32g4xx_hal_msp.c **** 
  50:Core/Src/stm32g4xx_hal_msp.c **** /* USER CODE END PFP */
  51:Core/Src/stm32g4xx_hal_msp.c **** 
  52:Core/Src/stm32g4xx_hal_msp.c **** /* External functions --------------------------------------------------------*/
  53:Core/Src/stm32g4xx_hal_msp.c **** /* USER CODE BEGIN ExternalFunctions */
  54:Core/Src/stm32g4xx_hal_msp.c **** 
  55:Core/Src/stm32g4xx_hal_msp.c **** /* USER CODE END ExternalFunctions */
  56:Core/Src/stm32g4xx_hal_msp.c **** 
  57:Core/Src/stm32g4xx_hal_msp.c **** /* USER CODE BEGIN 0 */
  58:Core/Src/stm32g4xx_hal_msp.c **** 
  59:Core/Src/stm32g4xx_hal_msp.c **** /* USER CODE END 0 */
  60:Core/Src/stm32g4xx_hal_msp.c **** /**
  61:Core/Src/stm32g4xx_hal_msp.c ****   * Initializes the Global MSP.
  62:Core/Src/stm32g4xx_hal_msp.c ****   */
  63:Core/Src/stm32g4xx_hal_msp.c **** void HAL_MspInit(void)
  64:Core/Src/stm32g4xx_hal_msp.c **** {
  29              		.loc 1 64 1 view -0
  30              		.cfi_startproc
  31              		@ args = 0, pretend = 0, frame = 8
  32              		@ frame_needed = 0, uses_anonymous_args = 0
  33 0000 00B5     		push	{lr}
  34              		.cfi_def_cfa_offset 4
  35              		.cfi_offset 14, -4
  36 0002 83B0     		sub	sp, sp, #12
  37              		.cfi_def_cfa_offset 16
  65:Core/Src/stm32g4xx_hal_msp.c **** 
  66:Core/Src/stm32g4xx_hal_msp.c ****   /* USER CODE BEGIN MspInit 0 */
  67:Core/Src/stm32g4xx_hal_msp.c **** 
  68:Core/Src/stm32g4xx_hal_msp.c ****   /* USER CODE END MspInit 0 */
  69:Core/Src/stm32g4xx_hal_msp.c **** 
  70:Core/Src/stm32g4xx_hal_msp.c ****   __HAL_RCC_SYSCFG_CLK_ENABLE();
  38              		.loc 1 70 3 view .LVU1
  39              	.LBB2:
  40              		.loc 1 70 3 view .LVU2
  41              		.loc 1 70 3 view .LVU3
  42 0004 0B4B     		ldr	r3, .L3
  43 0006 1A6E     		ldr	r2, [r3, #96]
  44 0008 42F00102 		orr	r2, r2, #1
  45 000c 1A66     		str	r2, [r3, #96]
ARM GAS  /tmp/ccWxTLx2.s 			page 3


  46              		.loc 1 70 3 view .LVU4
  47 000e 1A6E     		ldr	r2, [r3, #96]
  48 0010 02F00102 		and	r2, r2, #1
  49 0014 0092     		str	r2, [sp]
  50              		.loc 1 70 3 view .LVU5
  51 0016 009A     		ldr	r2, [sp]
  52              	.LBE2:
  53              		.loc 1 70 3 view .LVU6
  71:Core/Src/stm32g4xx_hal_msp.c ****   __HAL_RCC_PWR_CLK_ENABLE();
  54              		.loc 1 71 3 view .LVU7
  55              	.LBB3:
  56              		.loc 1 71 3 view .LVU8
  57              		.loc 1 71 3 view .LVU9
  58 0018 9A6D     		ldr	r2, [r3, #88]
  59 001a 42F08052 		orr	r2, r2, #268435456
  60 001e 9A65     		str	r2, [r3, #88]
  61              		.loc 1 71 3 view .LVU10
  62 0020 9B6D     		ldr	r3, [r3, #88]
  63 0022 03F08053 		and	r3, r3, #268435456
  64 0026 0193     		str	r3, [sp, #4]
  65              		.loc 1 71 3 view .LVU11
  66 0028 019B     		ldr	r3, [sp, #4]
  67              	.LBE3:
  68              		.loc 1 71 3 view .LVU12
  72:Core/Src/stm32g4xx_hal_msp.c **** 
  73:Core/Src/stm32g4xx_hal_msp.c ****   /* System interrupt init*/
  74:Core/Src/stm32g4xx_hal_msp.c **** 
  75:Core/Src/stm32g4xx_hal_msp.c ****   /** Disable the internal Pull-Up in Dead Battery pins of UCPD peripheral
  76:Core/Src/stm32g4xx_hal_msp.c ****   */
  77:Core/Src/stm32g4xx_hal_msp.c ****   HAL_PWREx_DisableUCPDDeadBattery();
  69              		.loc 1 77 3 view .LVU13
  70 002a FFF7FEFF 		bl	HAL_PWREx_DisableUCPDDeadBattery
  71              	.LVL0:
  78:Core/Src/stm32g4xx_hal_msp.c **** 
  79:Core/Src/stm32g4xx_hal_msp.c ****   /* USER CODE BEGIN MspInit 1 */
  80:Core/Src/stm32g4xx_hal_msp.c **** 
  81:Core/Src/stm32g4xx_hal_msp.c ****   /* USER CODE END MspInit 1 */
  82:Core/Src/stm32g4xx_hal_msp.c **** }
  72              		.loc 1 82 1 is_stmt 0 view .LVU14
  73 002e 03B0     		add	sp, sp, #12
  74              		.cfi_def_cfa_offset 4
  75              		@ sp needed
  76 0030 5DF804FB 		ldr	pc, [sp], #4
  77              	.L4:
  78              		.align	2
  79              	.L3:
  80 0034 00100240 		.word	1073876992
  81              		.cfi_endproc
  82              	.LFE135:
  84              		.section	.text.HAL_I2C_MspInit,"ax",%progbits
  85              		.align	1
  86              		.global	HAL_I2C_MspInit
  87              		.syntax unified
  88              		.thumb
  89              		.thumb_func
  91              	HAL_I2C_MspInit:
  92              	.LVL1:
ARM GAS  /tmp/ccWxTLx2.s 			page 4


  93              	.LFB136:
  83:Core/Src/stm32g4xx_hal_msp.c **** 
  84:Core/Src/stm32g4xx_hal_msp.c **** /**
  85:Core/Src/stm32g4xx_hal_msp.c ****   * @brief I2C MSP Initialization
  86:Core/Src/stm32g4xx_hal_msp.c ****   * This function configures the hardware resources used in this example
  87:Core/Src/stm32g4xx_hal_msp.c ****   * @param hi2c: I2C handle pointer
  88:Core/Src/stm32g4xx_hal_msp.c ****   * @retval None
  89:Core/Src/stm32g4xx_hal_msp.c ****   */
  90:Core/Src/stm32g4xx_hal_msp.c **** void HAL_I2C_MspInit(I2C_HandleTypeDef* hi2c)
  91:Core/Src/stm32g4xx_hal_msp.c **** {
  94              		.loc 1 91 1 is_stmt 1 view -0
  95              		.cfi_startproc
  96              		@ args = 0, pretend = 0, frame = 112
  97              		@ frame_needed = 0, uses_anonymous_args = 0
  98              		.loc 1 91 1 is_stmt 0 view .LVU16
  99 0000 10B5     		push	{r4, lr}
 100              		.cfi_def_cfa_offset 8
 101              		.cfi_offset 4, -8
 102              		.cfi_offset 14, -4
 103 0002 9CB0     		sub	sp, sp, #112
 104              		.cfi_def_cfa_offset 120
 105 0004 0446     		mov	r4, r0
  92:Core/Src/stm32g4xx_hal_msp.c ****   GPIO_InitTypeDef GPIO_InitStruct = {0};
 106              		.loc 1 92 3 is_stmt 1 view .LVU17
 107              		.loc 1 92 20 is_stmt 0 view .LVU18
 108 0006 0021     		movs	r1, #0
 109 0008 1791     		str	r1, [sp, #92]
 110 000a 1891     		str	r1, [sp, #96]
 111 000c 1991     		str	r1, [sp, #100]
 112 000e 1A91     		str	r1, [sp, #104]
 113 0010 1B91     		str	r1, [sp, #108]
  93:Core/Src/stm32g4xx_hal_msp.c ****   RCC_PeriphCLKInitTypeDef PeriphClkInit = {0};
 114              		.loc 1 93 3 is_stmt 1 view .LVU19
 115              		.loc 1 93 28 is_stmt 0 view .LVU20
 116 0012 5422     		movs	r2, #84
 117 0014 02A8     		add	r0, sp, #8
 118              	.LVL2:
 119              		.loc 1 93 28 view .LVU21
 120 0016 FFF7FEFF 		bl	memset
 121              	.LVL3:
  94:Core/Src/stm32g4xx_hal_msp.c ****   if(hi2c->Instance==I2C1)
 122              		.loc 1 94 3 is_stmt 1 view .LVU22
 123              		.loc 1 94 10 is_stmt 0 view .LVU23
 124 001a 2268     		ldr	r2, [r4]
 125              		.loc 1 94 5 view .LVU24
 126 001c 184B     		ldr	r3, .L11
 127 001e 9A42     		cmp	r2, r3
 128 0020 01D0     		beq	.L9
 129              	.LVL4:
 130              	.L5:
  95:Core/Src/stm32g4xx_hal_msp.c ****   {
  96:Core/Src/stm32g4xx_hal_msp.c ****     /* USER CODE BEGIN I2C1_MspInit 0 */
  97:Core/Src/stm32g4xx_hal_msp.c **** 
  98:Core/Src/stm32g4xx_hal_msp.c ****     /* USER CODE END I2C1_MspInit 0 */
  99:Core/Src/stm32g4xx_hal_msp.c **** 
 100:Core/Src/stm32g4xx_hal_msp.c ****   /** Initializes the peripherals clocks
 101:Core/Src/stm32g4xx_hal_msp.c ****   */
ARM GAS  /tmp/ccWxTLx2.s 			page 5


 102:Core/Src/stm32g4xx_hal_msp.c ****     PeriphClkInit.PeriphClockSelection = RCC_PERIPHCLK_I2C1;
 103:Core/Src/stm32g4xx_hal_msp.c ****     PeriphClkInit.I2c1ClockSelection = RCC_I2C1CLKSOURCE_PCLK1;
 104:Core/Src/stm32g4xx_hal_msp.c ****     if (HAL_RCCEx_PeriphCLKConfig(&PeriphClkInit) != HAL_OK)
 105:Core/Src/stm32g4xx_hal_msp.c ****     {
 106:Core/Src/stm32g4xx_hal_msp.c ****       Error_Handler();
 107:Core/Src/stm32g4xx_hal_msp.c ****     }
 108:Core/Src/stm32g4xx_hal_msp.c **** 
 109:Core/Src/stm32g4xx_hal_msp.c ****     __HAL_RCC_GPIOB_CLK_ENABLE();
 110:Core/Src/stm32g4xx_hal_msp.c ****     /**I2C1 GPIO Configuration
 111:Core/Src/stm32g4xx_hal_msp.c ****     PB8-BOOT0     ------> I2C1_SCL
 112:Core/Src/stm32g4xx_hal_msp.c ****     PB9     ------> I2C1_SDA
 113:Core/Src/stm32g4xx_hal_msp.c ****     */
 114:Core/Src/stm32g4xx_hal_msp.c ****     GPIO_InitStruct.Pin = GPIO_PIN_8|GPIO_PIN_9;
 115:Core/Src/stm32g4xx_hal_msp.c ****     GPIO_InitStruct.Mode = GPIO_MODE_AF_OD;
 116:Core/Src/stm32g4xx_hal_msp.c ****     GPIO_InitStruct.Pull = GPIO_PULLUP;
 117:Core/Src/stm32g4xx_hal_msp.c ****     GPIO_InitStruct.Speed = GPIO_SPEED_FREQ_VERY_HIGH;
 118:Core/Src/stm32g4xx_hal_msp.c ****     GPIO_InitStruct.Alternate = GPIO_AF4_I2C1;
 119:Core/Src/stm32g4xx_hal_msp.c ****     HAL_GPIO_Init(GPIOB, &GPIO_InitStruct);
 120:Core/Src/stm32g4xx_hal_msp.c **** 
 121:Core/Src/stm32g4xx_hal_msp.c ****     /* Peripheral clock enable */
 122:Core/Src/stm32g4xx_hal_msp.c ****     __HAL_RCC_I2C1_CLK_ENABLE();
 123:Core/Src/stm32g4xx_hal_msp.c ****     /* USER CODE BEGIN I2C1_MspInit 1 */
 124:Core/Src/stm32g4xx_hal_msp.c **** 
 125:Core/Src/stm32g4xx_hal_msp.c ****     /* USER CODE END I2C1_MspInit 1 */
 126:Core/Src/stm32g4xx_hal_msp.c **** 
 127:Core/Src/stm32g4xx_hal_msp.c ****   }
 128:Core/Src/stm32g4xx_hal_msp.c **** 
 129:Core/Src/stm32g4xx_hal_msp.c **** }
 131              		.loc 1 129 1 view .LVU25
 132 0022 1CB0     		add	sp, sp, #112
 133              		.cfi_remember_state
 134              		.cfi_def_cfa_offset 8
 135              		@ sp needed
 136 0024 10BD     		pop	{r4, pc}
 137              	.LVL5:
 138              	.L9:
 139              		.cfi_restore_state
 102:Core/Src/stm32g4xx_hal_msp.c ****     PeriphClkInit.I2c1ClockSelection = RCC_I2C1CLKSOURCE_PCLK1;
 140              		.loc 1 102 5 is_stmt 1 view .LVU26
 102:Core/Src/stm32g4xx_hal_msp.c ****     PeriphClkInit.I2c1ClockSelection = RCC_I2C1CLKSOURCE_PCLK1;
 141              		.loc 1 102 40 is_stmt 0 view .LVU27
 142 0026 4023     		movs	r3, #64
 143 0028 0293     		str	r3, [sp, #8]
 103:Core/Src/stm32g4xx_hal_msp.c ****     if (HAL_RCCEx_PeriphCLKConfig(&PeriphClkInit) != HAL_OK)
 144              		.loc 1 103 5 is_stmt 1 view .LVU28
 104:Core/Src/stm32g4xx_hal_msp.c ****     {
 145              		.loc 1 104 5 view .LVU29
 104:Core/Src/stm32g4xx_hal_msp.c ****     {
 146              		.loc 1 104 9 is_stmt 0 view .LVU30
 147 002a 02A8     		add	r0, sp, #8
 148 002c FFF7FEFF 		bl	HAL_RCCEx_PeriphCLKConfig
 149              	.LVL6:
 104:Core/Src/stm32g4xx_hal_msp.c ****     {
 150              		.loc 1 104 8 discriminator 1 view .LVU31
 151 0030 10BB     		cbnz	r0, .L10
 152              	.L7:
 109:Core/Src/stm32g4xx_hal_msp.c ****     /**I2C1 GPIO Configuration
ARM GAS  /tmp/ccWxTLx2.s 			page 6


 153              		.loc 1 109 5 is_stmt 1 view .LVU32
 154              	.LBB4:
 109:Core/Src/stm32g4xx_hal_msp.c ****     /**I2C1 GPIO Configuration
 155              		.loc 1 109 5 view .LVU33
 109:Core/Src/stm32g4xx_hal_msp.c ****     /**I2C1 GPIO Configuration
 156              		.loc 1 109 5 view .LVU34
 157 0032 144C     		ldr	r4, .L11+4
 158              	.LVL7:
 109:Core/Src/stm32g4xx_hal_msp.c ****     /**I2C1 GPIO Configuration
 159              		.loc 1 109 5 is_stmt 0 view .LVU35
 160 0034 E36C     		ldr	r3, [r4, #76]
 161 0036 43F00203 		orr	r3, r3, #2
 162 003a E364     		str	r3, [r4, #76]
 109:Core/Src/stm32g4xx_hal_msp.c ****     /**I2C1 GPIO Configuration
 163              		.loc 1 109 5 is_stmt 1 view .LVU36
 164 003c E36C     		ldr	r3, [r4, #76]
 165 003e 03F00203 		and	r3, r3, #2
 166 0042 0093     		str	r3, [sp]
 109:Core/Src/stm32g4xx_hal_msp.c ****     /**I2C1 GPIO Configuration
 167              		.loc 1 109 5 view .LVU37
 168 0044 009B     		ldr	r3, [sp]
 169              	.LBE4:
 109:Core/Src/stm32g4xx_hal_msp.c ****     /**I2C1 GPIO Configuration
 170              		.loc 1 109 5 view .LVU38
 114:Core/Src/stm32g4xx_hal_msp.c ****     GPIO_InitStruct.Mode = GPIO_MODE_AF_OD;
 171              		.loc 1 114 5 view .LVU39
 114:Core/Src/stm32g4xx_hal_msp.c ****     GPIO_InitStruct.Mode = GPIO_MODE_AF_OD;
 172              		.loc 1 114 25 is_stmt 0 view .LVU40
 173 0046 4FF44073 		mov	r3, #768
 174 004a 1793     		str	r3, [sp, #92]
 115:Core/Src/stm32g4xx_hal_msp.c ****     GPIO_InitStruct.Pull = GPIO_PULLUP;
 175              		.loc 1 115 5 is_stmt 1 view .LVU41
 115:Core/Src/stm32g4xx_hal_msp.c ****     GPIO_InitStruct.Pull = GPIO_PULLUP;
 176              		.loc 1 115 26 is_stmt 0 view .LVU42
 177 004c 1223     		movs	r3, #18
 178 004e 1893     		str	r3, [sp, #96]
 116:Core/Src/stm32g4xx_hal_msp.c ****     GPIO_InitStruct.Speed = GPIO_SPEED_FREQ_VERY_HIGH;
 179              		.loc 1 116 5 is_stmt 1 view .LVU43
 116:Core/Src/stm32g4xx_hal_msp.c ****     GPIO_InitStruct.Speed = GPIO_SPEED_FREQ_VERY_HIGH;
 180              		.loc 1 116 26 is_stmt 0 view .LVU44
 181 0050 0123     		movs	r3, #1
 182 0052 1993     		str	r3, [sp, #100]
 117:Core/Src/stm32g4xx_hal_msp.c ****     GPIO_InitStruct.Alternate = GPIO_AF4_I2C1;
 183              		.loc 1 117 5 is_stmt 1 view .LVU45
 117:Core/Src/stm32g4xx_hal_msp.c ****     GPIO_InitStruct.Alternate = GPIO_AF4_I2C1;
 184              		.loc 1 117 27 is_stmt 0 view .LVU46
 185 0054 0323     		movs	r3, #3
 186 0056 1A93     		str	r3, [sp, #104]
 118:Core/Src/stm32g4xx_hal_msp.c ****     HAL_GPIO_Init(GPIOB, &GPIO_InitStruct);
 187              		.loc 1 118 5 is_stmt 1 view .LVU47
 118:Core/Src/stm32g4xx_hal_msp.c ****     HAL_GPIO_Init(GPIOB, &GPIO_InitStruct);
 188              		.loc 1 118 31 is_stmt 0 view .LVU48
 189 0058 0423     		movs	r3, #4
 190 005a 1B93     		str	r3, [sp, #108]
 119:Core/Src/stm32g4xx_hal_msp.c **** 
 191              		.loc 1 119 5 is_stmt 1 view .LVU49
 192 005c 17A9     		add	r1, sp, #92
ARM GAS  /tmp/ccWxTLx2.s 			page 7


 193 005e 0A48     		ldr	r0, .L11+8
 194 0060 FFF7FEFF 		bl	HAL_GPIO_Init
 195              	.LVL8:
 122:Core/Src/stm32g4xx_hal_msp.c ****     /* USER CODE BEGIN I2C1_MspInit 1 */
 196              		.loc 1 122 5 view .LVU50
 197              	.LBB5:
 122:Core/Src/stm32g4xx_hal_msp.c ****     /* USER CODE BEGIN I2C1_MspInit 1 */
 198              		.loc 1 122 5 view .LVU51
 122:Core/Src/stm32g4xx_hal_msp.c ****     /* USER CODE BEGIN I2C1_MspInit 1 */
 199              		.loc 1 122 5 view .LVU52
 200 0064 A36D     		ldr	r3, [r4, #88]
 201 0066 43F40013 		orr	r3, r3, #2097152
 202 006a A365     		str	r3, [r4, #88]
 122:Core/Src/stm32g4xx_hal_msp.c ****     /* USER CODE BEGIN I2C1_MspInit 1 */
 203              		.loc 1 122 5 view .LVU53
 204 006c A36D     		ldr	r3, [r4, #88]
 205 006e 03F40013 		and	r3, r3, #2097152
 206 0072 0193     		str	r3, [sp, #4]
 122:Core/Src/stm32g4xx_hal_msp.c ****     /* USER CODE BEGIN I2C1_MspInit 1 */
 207              		.loc 1 122 5 view .LVU54
 208 0074 019B     		ldr	r3, [sp, #4]
 209              	.LBE5:
 122:Core/Src/stm32g4xx_hal_msp.c ****     /* USER CODE BEGIN I2C1_MspInit 1 */
 210              		.loc 1 122 5 discriminator 1 view .LVU55
 211              		.loc 1 129 1 is_stmt 0 view .LVU56
 212 0076 D4E7     		b	.L5
 213              	.LVL9:
 214              	.L10:
 106:Core/Src/stm32g4xx_hal_msp.c ****     }
 215              		.loc 1 106 7 is_stmt 1 view .LVU57
 216 0078 FFF7FEFF 		bl	Error_Handler
 217              	.LVL10:
 218 007c D9E7     		b	.L7
 219              	.L12:
 220 007e 00BF     		.align	2
 221              	.L11:
 222 0080 00540040 		.word	1073763328
 223 0084 00100240 		.word	1073876992
 224 0088 00040048 		.word	1207960576
 225              		.cfi_endproc
 226              	.LFE136:
 228              		.section	.text.HAL_I2C_MspDeInit,"ax",%progbits
 229              		.align	1
 230              		.global	HAL_I2C_MspDeInit
 231              		.syntax unified
 232              		.thumb
 233              		.thumb_func
 235              	HAL_I2C_MspDeInit:
 236              	.LVL11:
 237              	.LFB137:
 130:Core/Src/stm32g4xx_hal_msp.c **** 
 131:Core/Src/stm32g4xx_hal_msp.c **** /**
 132:Core/Src/stm32g4xx_hal_msp.c ****   * @brief I2C MSP De-Initialization
 133:Core/Src/stm32g4xx_hal_msp.c ****   * This function freeze the hardware resources used in this example
 134:Core/Src/stm32g4xx_hal_msp.c ****   * @param hi2c: I2C handle pointer
 135:Core/Src/stm32g4xx_hal_msp.c ****   * @retval None
 136:Core/Src/stm32g4xx_hal_msp.c ****   */
ARM GAS  /tmp/ccWxTLx2.s 			page 8


 137:Core/Src/stm32g4xx_hal_msp.c **** void HAL_I2C_MspDeInit(I2C_HandleTypeDef* hi2c)
 138:Core/Src/stm32g4xx_hal_msp.c **** {
 238              		.loc 1 138 1 view -0
 239              		.cfi_startproc
 240              		@ args = 0, pretend = 0, frame = 0
 241              		@ frame_needed = 0, uses_anonymous_args = 0
 139:Core/Src/stm32g4xx_hal_msp.c ****   if(hi2c->Instance==I2C1)
 242              		.loc 1 139 3 view .LVU59
 243              		.loc 1 139 10 is_stmt 0 view .LVU60
 244 0000 0268     		ldr	r2, [r0]
 245              		.loc 1 139 5 view .LVU61
 246 0002 0B4B     		ldr	r3, .L20
 247 0004 9A42     		cmp	r2, r3
 248 0006 00D0     		beq	.L19
 249 0008 7047     		bx	lr
 250              	.L19:
 138:Core/Src/stm32g4xx_hal_msp.c ****   if(hi2c->Instance==I2C1)
 251              		.loc 1 138 1 view .LVU62
 252 000a 10B5     		push	{r4, lr}
 253              		.cfi_def_cfa_offset 8
 254              		.cfi_offset 4, -8
 255              		.cfi_offset 14, -4
 140:Core/Src/stm32g4xx_hal_msp.c ****   {
 141:Core/Src/stm32g4xx_hal_msp.c ****     /* USER CODE BEGIN I2C1_MspDeInit 0 */
 142:Core/Src/stm32g4xx_hal_msp.c **** 
 143:Core/Src/stm32g4xx_hal_msp.c ****     /* USER CODE END I2C1_MspDeInit 0 */
 144:Core/Src/stm32g4xx_hal_msp.c ****     /* Peripheral clock disable */
 145:Core/Src/stm32g4xx_hal_msp.c ****     __HAL_RCC_I2C1_CLK_DISABLE();
 256              		.loc 1 145 5 is_stmt 1 view .LVU63
 257 000c 094A     		ldr	r2, .L20+4
 258 000e 936D     		ldr	r3, [r2, #88]
 259 0010 23F40013 		bic	r3, r3, #2097152
 260 0014 9365     		str	r3, [r2, #88]
 146:Core/Src/stm32g4xx_hal_msp.c **** 
 147:Core/Src/stm32g4xx_hal_msp.c ****     /**I2C1 GPIO Configuration
 148:Core/Src/stm32g4xx_hal_msp.c ****     PB8-BOOT0     ------> I2C1_SCL
 149:Core/Src/stm32g4xx_hal_msp.c ****     PB9     ------> I2C1_SDA
 150:Core/Src/stm32g4xx_hal_msp.c ****     */
 151:Core/Src/stm32g4xx_hal_msp.c ****     HAL_GPIO_DeInit(GPIOB, GPIO_PIN_8);
 261              		.loc 1 151 5 view .LVU64
 262 0016 084C     		ldr	r4, .L20+8
 263 0018 4FF48071 		mov	r1, #256
 264 001c 2046     		mov	r0, r4
 265              	.LVL12:
 266              		.loc 1 151 5 is_stmt 0 view .LVU65
 267 001e FFF7FEFF 		bl	HAL_GPIO_DeInit
 268              	.LVL13:
 152:Core/Src/stm32g4xx_hal_msp.c **** 
 153:Core/Src/stm32g4xx_hal_msp.c ****     HAL_GPIO_DeInit(GPIOB, GPIO_PIN_9);
 269              		.loc 1 153 5 is_stmt 1 view .LVU66
 270 0022 4FF40071 		mov	r1, #512
 271 0026 2046     		mov	r0, r4
 272 0028 FFF7FEFF 		bl	HAL_GPIO_DeInit
 273              	.LVL14:
 154:Core/Src/stm32g4xx_hal_msp.c **** 
 155:Core/Src/stm32g4xx_hal_msp.c ****     /* USER CODE BEGIN I2C1_MspDeInit 1 */
 156:Core/Src/stm32g4xx_hal_msp.c **** 
ARM GAS  /tmp/ccWxTLx2.s 			page 9


 157:Core/Src/stm32g4xx_hal_msp.c ****     /* USER CODE END I2C1_MspDeInit 1 */
 158:Core/Src/stm32g4xx_hal_msp.c ****   }
 159:Core/Src/stm32g4xx_hal_msp.c **** 
 160:Core/Src/stm32g4xx_hal_msp.c **** }
 274              		.loc 1 160 1 is_stmt 0 view .LVU67
 275 002c 10BD     		pop	{r4, pc}
 276              	.L21:
 277 002e 00BF     		.align	2
 278              	.L20:
 279 0030 00540040 		.word	1073763328
 280 0034 00100240 		.word	1073876992
 281 0038 00040048 		.word	1207960576
 282              		.cfi_endproc
 283              	.LFE137:
 285              		.text
 286              	.Letext0:
 287              		.file 2 "/home/Aki/.config/Code - OSS/User/globalStorage/bmd.stm32-for-vscode/@xpack-dev-tools/arm
 288              		.file 3 "/home/Aki/.config/Code - OSS/User/globalStorage/bmd.stm32-for-vscode/@xpack-dev-tools/arm
 289              		.file 4 "Drivers/CMSIS/Device/ST/STM32G4xx/Include/stm32g474xx.h"
 290              		.file 5 "Drivers/STM32G4xx_HAL_Driver/Inc/stm32g4xx_hal_def.h"
 291              		.file 6 "Drivers/STM32G4xx_HAL_Driver/Inc/stm32g4xx_hal_rcc_ex.h"
 292              		.file 7 "Drivers/STM32G4xx_HAL_Driver/Inc/stm32g4xx_hal_gpio.h"
 293              		.file 8 "Drivers/STM32G4xx_HAL_Driver/Inc/stm32g4xx_hal_dma.h"
 294              		.file 9 "Drivers/STM32G4xx_HAL_Driver/Inc/stm32g4xx_hal_i2c.h"
 295              		.file 10 "Core/Inc/main.h"
 296              		.file 11 "Drivers/STM32G4xx_HAL_Driver/Inc/stm32g4xx_hal_pwr_ex.h"
 297              		.file 12 "<built-in>"
ARM GAS  /tmp/ccWxTLx2.s 			page 10


DEFINED SYMBOLS
                            *ABS*:00000000 stm32g4xx_hal_msp.c
     /tmp/ccWxTLx2.s:21     .text.HAL_MspInit:00000000 $t
     /tmp/ccWxTLx2.s:27     .text.HAL_MspInit:00000000 HAL_MspInit
     /tmp/ccWxTLx2.s:80     .text.HAL_MspInit:00000034 $d
     /tmp/ccWxTLx2.s:85     .text.HAL_I2C_MspInit:00000000 $t
     /tmp/ccWxTLx2.s:91     .text.HAL_I2C_MspInit:00000000 HAL_I2C_MspInit
     /tmp/ccWxTLx2.s:222    .text.HAL_I2C_MspInit:00000080 $d
     /tmp/ccWxTLx2.s:229    .text.HAL_I2C_MspDeInit:00000000 $t
     /tmp/ccWxTLx2.s:235    .text.HAL_I2C_MspDeInit:00000000 HAL_I2C_MspDeInit
     /tmp/ccWxTLx2.s:279    .text.HAL_I2C_MspDeInit:00000030 $d

UNDEFINED SYMBOLS
HAL_PWREx_DisableUCPDDeadBattery
memset
HAL_RCCEx_PeriphCLKConfig
HAL_GPIO_Init
Error_Handler
HAL_GPIO_DeInit
